{
  "RSpec": {
    "coverage": {
      "/Users/JoeMazrimas/web_projects/showspy/app/helpers/application_helper.rb": [
        1,
        null
      ],
      "/Users/JoeMazrimas/web_projects/showspy/app/controllers/concerns/jambase_data.rb": [
        1,
        1,
        1,
        null,
        1,
        null,
        0,
        0,
        0,
        null,
        null,
        null,
        null,
        null,
        null,
        null,
        null,
        null,
        null,
        null,
        null,
        null,
        null,
        0,
        0,
        0,
        0,
        null,
        null,
        null,
        1,
        null,
        0,
        0,
        0,
        null,
        null,
        null,
        null,
        null,
        null,
        null,
        null,
        null,
        null,
        null,
        null,
        null,
        null,
        null,
        null,
        null,
        0,
        null,
        0,
        null,
        null,
        null,
        1,
        null,
        1,
        0,
        0,
        0,
        0,
        null,
        null,
        null
      ],
      "/Users/JoeMazrimas/web_projects/showspy/app/controllers/concerns/api_calls.rb": [
        1,
        null,
        1,
        null,
        5,
        5,
        5,
        5,
        5,
        5,
        null,
        5,
        5,
        0,
        null,
        null,
        5,
        null,
        null,
        null,
        null
      ],
      "/Users/JoeMazrimas/web_projects/showspy/app/controllers/concerns/spotify_data.rb": [
        1,
        1,
        null,
        null,
        1,
        null,
        0,
        0,
        null,
        0,
        0,
        0,
        0,
        null,
        null,
        0,
        null,
        null,
        null,
        1,
        null,
        0,
        null,
        null,
        null,
        null,
        1,
        null,
        0,
        null,
        0,
        null,
        0,
        0,
        null,
        null,
        0,
        null,
        0,
        null,
        0,
        0,
        null,
        null,
        0,
        null,
        null,
        null,
        1,
        null,
        0,
        null,
        null,
        null,
        null,
        0,
        null,
        0,
        null,
        0,
        null,
        null,
        null,
        1,
        null,
        1,
        null,
        null,
        null,
        null,
        1,
        null,
        1,
        1,
        1,
        null,
        1,
        null,
        null,
        null,
        null,
        1,
        null,
        0,
        null,
        null,
        0,
        null,
        null,
        null,
        1,
        null,
        2,
        null,
        2,
        null,
        2,
        null,
        null,
        null,
        2,
        null,
        2,
        2,
        null,
        2,
        20,
        20,
        null,
        null,
        2,
        null,
        0,
        null,
        null,
        null,
        null,
        1,
        1,
        null,
        null,
        null,
        1,
        null,
        1,
        1,
        null,
        1,
        1,
        0,
        null,
        null,
        null,
        null,
        null,
        null,
        null,
        1,
        null,
        1,
        null,
        null,
        null
      ],
      "/Users/JoeMazrimas/web_projects/showspy/app/models/artist.rb": [
        1,
        1,
        1,
        1,
        null,
        null,
        1,
        0,
        0,
        null,
        null,
        1,
        0,
        null,
        null,
        null
      ],
      "/Users/JoeMazrimas/web_projects/showspy/app/models/application_record.rb": [
        1,
        1,
        null
      ],
      "/Users/JoeMazrimas/web_projects/showspy/app/models/event.rb": [
        1,
        1,
        1,
        1,
        null
      ],
      "/Users/JoeMazrimas/web_projects/showspy/app/models/top_artist.rb": [
        1,
        1,
        1,
        null,
        null
      ],
      "/Users/JoeMazrimas/web_projects/showspy/app/models/track_profile.rb": [
        1,
        1,
        null
      ],
      "/Users/JoeMazrimas/web_projects/showspy/app/models/track.rb": [
        1,
        1,
        1,
        null,
        null
      ],
      "/Users/JoeMazrimas/web_projects/showspy/app/models/user.rb": [
        1,
        1,
        1,
        1,
        null,
        null,
        1,
        null,
        0,
        null,
        0,
        0,
        0,
        null,
        null,
        null,
        0,
        null,
        null,
        null,
        1,
        0,
        0,
        0,
        null,
        0,
        null,
        null,
        0,
        null,
        null,
        1,
        0,
        null,
        null,
        null
      ],
      "/Users/JoeMazrimas/web_projects/showspy/app/models/venue.rb": [
        1,
        1,
        null
      ],
      "/Users/JoeMazrimas/web_projects/showspy/app/channels/application_cable/channel.rb": [
        0,
        0,
        0,
        0
      ],
      "/Users/JoeMazrimas/web_projects/showspy/app/channels/application_cable/connection.rb": [
        0,
        0,
        0,
        0
      ],
      "/Users/JoeMazrimas/web_projects/showspy/app/controllers/application_controller.rb": [
        0,
        0,
        0,
        0,
        0,
        0,
        0,
        0,
        0,
        0,
        0,
        0,
        0,
        0,
        0,
        0,
        0
      ],
      "/Users/JoeMazrimas/web_projects/showspy/app/controllers/concerns/eventful_data.rb": [
        0,
        0,
        0,
        0,
        0,
        0,
        0,
        0,
        0,
        0,
        0,
        0,
        0,
        0,
        0,
        0,
        0,
        0,
        0,
        0,
        0,
        0,
        0,
        0,
        0,
        0,
        0,
        0,
        0,
        0,
        0,
        0,
        0,
        0,
        0,
        0,
        0,
        0,
        0,
        0,
        0,
        0,
        0,
        0,
        0,
        0,
        0,
        0,
        0,
        0,
        0
      ],
      "/Users/JoeMazrimas/web_projects/showspy/app/controllers/jambase_controller.rb": [
        0,
        0,
        0,
        0,
        0,
        0,
        0,
        0,
        0,
        0,
        0,
        0,
        0,
        0,
        0,
        0,
        0,
        0,
        0,
        0,
        0,
        0,
        0,
        0,
        0,
        0,
        0,
        0,
        0,
        0,
        0,
        0,
        0,
        0,
        0,
        0,
        0,
        0,
        0,
        0,
        0,
        0,
        0,
        0,
        0,
        0,
        0,
        0,
        0,
        0,
        0,
        0,
        0,
        0,
        0,
        0,
        0,
        0,
        0,
        0,
        0,
        0,
        0,
        0,
        0
      ],
      "/Users/JoeMazrimas/web_projects/showspy/app/controllers/shows_controller.rb": [
        0,
        0,
        0,
        0,
        0,
        0,
        0,
        0,
        0,
        0,
        0,
        0,
        0,
        0,
        0,
        0,
        0,
        0,
        0,
        0,
        0,
        0,
        0,
        0,
        0,
        0,
        0,
        0,
        0,
        0,
        0,
        0,
        0,
        0,
        0,
        0,
        0,
        0,
        0,
        0,
        0,
        0,
        0,
        0,
        0,
        0,
        0,
        0,
        0,
        0,
        0,
        0,
        0,
        0,
        0,
        0,
        0,
        0
      ],
      "/Users/JoeMazrimas/web_projects/showspy/app/controllers/users_controller.rb": [
        0,
        0,
        0,
        0,
        0,
        0,
        0,
        0,
        0,
        0,
        0,
        0,
        0,
        0,
        0,
        0,
        0,
        0,
        0,
        0,
        0,
        0,
        0,
        0,
        0,
        0,
        0,
        0,
        0,
        0,
        0,
        0,
        0,
        0,
        0,
        0,
        0,
        0,
        0,
        0,
        0
      ],
      "/Users/JoeMazrimas/web_projects/showspy/app/jobs/application_job.rb": [
        0,
        0
      ],
      "/Users/JoeMazrimas/web_projects/showspy/app/mailers/application_mailer.rb": [
        0,
        0,
        0,
        0
      ]
    },
    "timestamp": 1475603235
  }
}
